2025-03-19 15:47:20.732 +01:00 [INF] Now listening on: https://localhost:7157
2025-03-19 15:47:20.761 +01:00 [INF] Now listening on: http://localhost:5072
2025-03-19 15:47:20.821 +01:00 [INF] Application started. Press Ctrl+C to shut down.
2025-03-19 15:47:20.823 +01:00 [INF] Hosting environment: Development
2025-03-19 15:47:20.824 +01:00 [INF] Content root path: C:\Users\aaziz\source\repos\CustomerProduct\CustomerProduct.Api
2025-03-19 15:47:21.245 +01:00 [INF] Request starting HTTP/2 GET https://localhost:7157/swagger/index.html - null null
2025-03-19 15:47:21.410 +01:00 [INF] HTTP GET /swagger/index.html responded 200 in 69.1773 ms
2025-03-19 15:47:21.431 +01:00 [INF] Request finished HTTP/2 GET https://localhost:7157/swagger/index.html - 200 null text/html;charset=utf-8 192.8952ms
2025-03-19 15:47:21.440 +01:00 [INF] Request starting HTTP/2 GET https://localhost:7157/swagger/index.js - null null
2025-03-19 15:47:21.440 +01:00 [INF] Request starting HTTP/2 GET https://localhost:7157/_framework/aspnetcore-browser-refresh.js - null null
2025-03-19 15:47:21.443 +01:00 [INF] Request starting HTTP/2 GET https://localhost:7157/_vs/browserLink - null null
2025-03-19 15:47:21.447 +01:00 [INF] HTTP GET /swagger/index.js responded 200 in 1.4883 ms
2025-03-19 15:47:21.458 +01:00 [INF] Request finished HTTP/2 GET https://localhost:7157/swagger/index.js - 200 null application/javascript;charset=utf-8 18.3687ms
2025-03-19 15:47:21.464 +01:00 [INF] Request finished HTTP/2 GET https://localhost:7157/_framework/aspnetcore-browser-refresh.js - 200 16523 application/javascript; charset=utf-8 22.0937ms
2025-03-19 15:47:21.492 +01:00 [INF] Request finished HTTP/2 GET https://localhost:7157/_vs/browserLink - 200 null text/javascript; charset=UTF-8 49.3072ms
2025-03-19 15:47:21.531 +01:00 [INF] Request starting HTTP/2 GET https://localhost:7157/swagger/v1/swagger.json - null null
2025-03-19 15:47:21.539 +01:00 [INF] HTTP GET /swagger/v1/swagger.json responded 200 in 4.1464 ms
2025-03-19 15:47:21.541 +01:00 [INF] Request finished HTTP/2 GET https://localhost:7157/swagger/v1/swagger.json - 200 null application/json;charset=utf-8 10.4278ms
2025-03-19 15:47:44.366 +01:00 [INF] Now listening on: https://localhost:7157
2025-03-19 15:47:44.416 +01:00 [INF] Now listening on: http://localhost:5072
2025-03-19 15:47:44.484 +01:00 [INF] Application started. Press Ctrl+C to shut down.
2025-03-19 15:47:44.485 +01:00 [INF] Hosting environment: Development
2025-03-19 15:47:44.486 +01:00 [INF] Content root path: C:\Users\aaziz\source\repos\CustomerProduct\CustomerProduct.Api
2025-03-19 15:47:45.086 +01:00 [INF] Request starting HTTP/2 GET https://localhost:7157/swagger/index.html - null null
2025-03-19 15:47:45.230 +01:00 [INF] HTTP GET /swagger/index.html responded 200 in 52.8285 ms
2025-03-19 15:47:45.238 +01:00 [INF] Request finished HTTP/2 GET https://localhost:7157/swagger/index.html - 200 null text/html;charset=utf-8 158.9707ms
2025-03-19 15:47:45.259 +01:00 [INF] Request starting HTTP/2 GET https://localhost:7157/_vs/browserLink - null null
2025-03-19 15:47:45.259 +01:00 [INF] Request starting HTTP/2 GET https://localhost:7157/_framework/aspnetcore-browser-refresh.js - null null
2025-03-19 15:47:45.259 +01:00 [INF] Request starting HTTP/2 GET https://localhost:7157/swagger/index.js - null null
2025-03-19 15:47:45.277 +01:00 [INF] HTTP GET /swagger/index.js responded 200 in 9.9534 ms
2025-03-19 15:47:45.283 +01:00 [INF] Request finished HTTP/2 GET https://localhost:7157/swagger/index.js - 200 null application/javascript;charset=utf-8 23.8228ms
2025-03-19 15:47:45.285 +01:00 [INF] Request finished HTTP/2 GET https://localhost:7157/_framework/aspnetcore-browser-refresh.js - 200 16523 application/javascript; charset=utf-8 26.4898ms
2025-03-19 15:47:45.302 +01:00 [INF] Request finished HTTP/2 GET https://localhost:7157/_vs/browserLink - 200 null text/javascript; charset=UTF-8 43.085ms
2025-03-19 15:47:45.350 +01:00 [INF] Request starting HTTP/2 GET https://localhost:7157/swagger/v1/swagger.json - null null
2025-03-19 15:47:45.359 +01:00 [INF] HTTP GET /swagger/v1/swagger.json responded 200 in 5.5442 ms
2025-03-19 15:47:45.361 +01:00 [INF] Request finished HTTP/2 GET https://localhost:7157/swagger/v1/swagger.json - 200 null application/json;charset=utf-8 11.3937ms
2025-03-19 15:48:09.200 +01:00 [INF] Request starting HTTP/2 GET https://localhost:7157/all/ - null null
2025-03-19 15:48:09.213 +01:00 [INF] HTTP GET /all/ responded 404 in 3.3286 ms
2025-03-19 15:48:09.218 +01:00 [INF] Request finished HTTP/2 GET https://localhost:7157/all/ - 404 0 null 18.107ms
2025-03-19 15:48:09.227 +01:00 [INF] Request reached the end of the middleware pipeline without being handled by application code. Request path: GET https://localhost:7157/all/, Response status code: 404
2025-03-19 15:48:27.497 +01:00 [INF] Request starting HTTP/2 GET https://localhost:7157/api/all/customer - null null
2025-03-19 15:48:27.508 +01:00 [INF] HTTP GET /api/all/customer responded 404 in 0.2825 ms
2025-03-19 15:48:27.510 +01:00 [INF] Request finished HTTP/2 GET https://localhost:7157/api/all/customer - 404 0 null 13.1727ms
2025-03-19 15:48:27.513 +01:00 [INF] Request reached the end of the middleware pipeline without being handled by application code. Request path: GET https://localhost:7157/api/all/customer, Response status code: 404
2025-03-19 15:48:45.228 +01:00 [INF] Request starting HTTP/2 GET https://localhost:7157/api/customer/all - null null
2025-03-19 15:48:45.242 +01:00 [INF] Executing endpoint 'CustomerProduct.Api.Controllers.CustomerController.GetAsync (CustomerProduct.Api)'
2025-03-19 15:48:45.260 +01:00 [INF] Route matched with {action = "Get", controller = "Customer"}. Executing controller action with signature System.Threading.Tasks.Task`1[Microsoft.AspNetCore.Mvc.ActionResult`1[System.Collections.Generic.List`1[CustomerProduct.Application.Features.Customers.CustomerListVm]]] GetAsync() on controller CustomerProduct.Api.Controllers.CustomerController (CustomerProduct.Api).
2025-03-19 15:48:45.273 +01:00 [INF] Handling request: GetCustomerListQuery with data: {"$type":"GetCustomerListQuery"}
2025-03-19 15:48:46.698 +01:00 [INF] Executed DbCommand (32ms) [Parameters=[], CommandType='"Text"', CommandTimeout='30']
SELECT [c].[Id], [c].[CustomerId], [c].[DocNum], [c].[DocType], [c].[Email], [c].[FamilyName], [c].[GivenName], [c].[Phone]
FROM [Customers] AS [c]
2025-03-19 15:48:46.793 +01:00 [INF] Handled request: GetCustomerListQuery - Execution Time: 1515ms - Response: [{"CustomerId":1144,"GivenName":"Diao","FamilyName":"Dia","$type":"CustomerListVm"}]
2025-03-19 15:48:46.812 +01:00 [INF] Executing OkObjectResult, writing value of type 'System.Collections.Generic.List`1[[CustomerProduct.Application.Features.Customers.CustomerListVm, CustomerProduct.Application, Version=1.0.0.0, Culture=neutral, PublicKeyToken=null]]'.
2025-03-19 15:48:46.825 +01:00 [INF] Executed action CustomerProduct.Api.Controllers.CustomerController.GetAsync (CustomerProduct.Api) in 1558.2781ms
2025-03-19 15:48:46.829 +01:00 [INF] Executed endpoint 'CustomerProduct.Api.Controllers.CustomerController.GetAsync (CustomerProduct.Api)'
2025-03-19 15:48:46.835 +01:00 [INF] HTTP GET /api/customer/all responded 200 in 1593.5618 ms
2025-03-19 15:48:46.845 +01:00 [INF] Request finished HTTP/2 GET https://localhost:7157/api/customer/all - 200 null application/json; charset=utf-8 1617.2727ms
2025-03-19 15:48:47.074 +01:00 [INF] Request starting HTTP/2 GET https://localhost:7157/api/customer/all - null null
2025-03-19 15:48:47.078 +01:00 [INF] Executing endpoint 'CustomerProduct.Api.Controllers.CustomerController.GetAsync (CustomerProduct.Api)'
2025-03-19 15:48:47.079 +01:00 [INF] Route matched with {action = "Get", controller = "Customer"}. Executing controller action with signature System.Threading.Tasks.Task`1[Microsoft.AspNetCore.Mvc.ActionResult`1[System.Collections.Generic.List`1[CustomerProduct.Application.Features.Customers.CustomerListVm]]] GetAsync() on controller CustomerProduct.Api.Controllers.CustomerController (CustomerProduct.Api).
2025-03-19 15:48:47.083 +01:00 [INF] Handling request: GetCustomerListQuery with data: {"$type":"GetCustomerListQuery"}
2025-03-19 15:48:47.160 +01:00 [INF] Executed DbCommand (13ms) [Parameters=[], CommandType='"Text"', CommandTimeout='30']
SELECT [c].[Id], [c].[CustomerId], [c].[DocNum], [c].[DocType], [c].[Email], [c].[FamilyName], [c].[GivenName], [c].[Phone]
FROM [Customers] AS [c]
2025-03-19 15:48:47.167 +01:00 [INF] Handled request: GetCustomerListQuery - Execution Time: 77ms - Response: [{"CustomerId":1144,"GivenName":"Diao","FamilyName":"Dia","$type":"CustomerListVm"}]
2025-03-19 15:48:47.177 +01:00 [INF] Executing OkObjectResult, writing value of type 'System.Collections.Generic.List`1[[CustomerProduct.Application.Features.Customers.CustomerListVm, CustomerProduct.Application, Version=1.0.0.0, Culture=neutral, PublicKeyToken=null]]'.
2025-03-19 15:48:47.183 +01:00 [INF] Executed action CustomerProduct.Api.Controllers.CustomerController.GetAsync (CustomerProduct.Api) in 99.8987ms
2025-03-19 15:48:47.185 +01:00 [INF] Executed endpoint 'CustomerProduct.Api.Controllers.CustomerController.GetAsync (CustomerProduct.Api)'
2025-03-19 15:48:47.187 +01:00 [INF] HTTP GET /api/customer/all responded 200 in 109.7022 ms
2025-03-19 15:48:47.189 +01:00 [INF] Request finished HTTP/2 GET https://localhost:7157/api/customer/all - 200 null application/json; charset=utf-8 115.8807ms
2025-03-19 15:49:52.820 +01:00 [INF] Now listening on: https://localhost:7157
2025-03-19 15:49:52.848 +01:00 [INF] Now listening on: http://localhost:5072
2025-03-19 15:49:52.907 +01:00 [INF] Application started. Press Ctrl+C to shut down.
2025-03-19 15:49:52.909 +01:00 [INF] Hosting environment: Development
2025-03-19 15:49:52.911 +01:00 [INF] Content root path: C:\Users\aaziz\source\repos\CustomerProduct\CustomerProduct.Api
2025-03-19 15:49:53.215 +01:00 [INF] Request starting HTTP/2 GET https://localhost:7157/swagger/index.html - null null
2025-03-19 15:49:53.353 +01:00 [INF] HTTP GET /swagger/index.html responded 200 in 48.9412 ms
2025-03-19 15:49:53.359 +01:00 [INF] Request finished HTTP/2 GET https://localhost:7157/swagger/index.html - 200 null text/html;charset=utf-8 152.4179ms
2025-03-19 15:49:53.382 +01:00 [INF] Request starting HTTP/2 GET https://localhost:7157/swagger/index.js - null null
2025-03-19 15:49:53.382 +01:00 [INF] Request starting HTTP/2 GET https://localhost:7157/_framework/aspnetcore-browser-refresh.js - null null
2025-03-19 15:49:53.382 +01:00 [INF] Request starting HTTP/2 GET https://localhost:7157/_vs/browserLink - null null
2025-03-19 15:49:53.386 +01:00 [INF] HTTP GET /swagger/index.js responded 200 in 0.8866 ms
2025-03-19 15:49:53.391 +01:00 [INF] Request finished HTTP/2 GET https://localhost:7157/swagger/index.js - 200 null application/javascript;charset=utf-8 9.2277ms
2025-03-19 15:49:53.399 +01:00 [INF] Request finished HTTP/2 GET https://localhost:7157/_framework/aspnetcore-browser-refresh.js - 200 16523 application/javascript; charset=utf-8 17.3707ms
2025-03-19 15:49:53.420 +01:00 [INF] Request finished HTTP/2 GET https://localhost:7157/_vs/browserLink - 200 null text/javascript; charset=UTF-8 38.5378ms
2025-03-19 15:49:53.454 +01:00 [INF] Request starting HTTP/2 GET https://localhost:7157/swagger/v1/swagger.json - null null
2025-03-19 15:49:53.460 +01:00 [INF] HTTP GET /swagger/v1/swagger.json responded 200 in 4.4006 ms
2025-03-19 15:49:53.463 +01:00 [INF] Request finished HTTP/2 GET https://localhost:7157/swagger/v1/swagger.json - 200 null application/json;charset=utf-8 9.4169ms
2025-03-19 15:50:09.118 +01:00 [INF] Request starting HTTP/2 GET https://localhost:7157/api/Customer/all - null null
2025-03-19 15:50:09.127 +01:00 [INF] Executing endpoint 'CustomerProduct.Api.Controllers.CustomerController.GetAsync (CustomerProduct.Api)'
2025-03-19 15:50:09.149 +01:00 [INF] Route matched with {action = "Get", controller = "Customer"}. Executing controller action with signature System.Threading.Tasks.Task`1[Microsoft.AspNetCore.Mvc.ActionResult`1[System.Collections.Generic.List`1[CustomerProduct.Application.Features.Customers.CustomerListVm]]] GetAsync() on controller CustomerProduct.Api.Controllers.CustomerController (CustomerProduct.Api).
2025-03-19 15:50:09.160 +01:00 [INF] Handling request: GetCustomerListQuery with data: {"$type":"GetCustomerListQuery"}
2025-03-19 15:50:10.608 +01:00 [INF] Executed DbCommand (41ms) [Parameters=[], CommandType='"Text"', CommandTimeout='30']
SELECT [c].[Id], [c].[CustomerId], [c].[DocNum], [c].[DocType], [c].[Email], [c].[FamilyName], [c].[GivenName], [c].[Phone]
FROM [Customers] AS [c]
2025-03-19 15:50:10.734 +01:00 [INF] Handled request: GetCustomerListQuery - Execution Time: 1569ms - Response: [{"CustomerId":1144,"GivenName":"Diao","FamilyName":"Dia","$type":"CustomerListVm"}]
2025-03-19 15:50:10.751 +01:00 [INF] Executing OkObjectResult, writing value of type 'System.Collections.Generic.List`1[[CustomerProduct.Application.Features.Customers.CustomerListVm, CustomerProduct.Application, Version=1.0.0.0, Culture=neutral, PublicKeyToken=null]]'.
2025-03-19 15:50:10.765 +01:00 [INF] Executed action CustomerProduct.Api.Controllers.CustomerController.GetAsync (CustomerProduct.Api) in 1609.6846ms
2025-03-19 15:50:10.770 +01:00 [INF] Executed endpoint 'CustomerProduct.Api.Controllers.CustomerController.GetAsync (CustomerProduct.Api)'
2025-03-19 15:50:10.772 +01:00 [INF] HTTP GET /api/Customer/all responded 200 in 1649.0520 ms
2025-03-19 15:50:10.783 +01:00 [INF] Request finished HTTP/2 GET https://localhost:7157/api/Customer/all - 200 null application/json; charset=utf-8 1665.0632ms
2025-03-19 15:50:38.958 +01:00 [INF] Request starting HTTP/2 GET https://localhost:7157/api/customer/all - null null
2025-03-19 15:50:38.976 +01:00 [INF] Executing endpoint 'CustomerProduct.Api.Controllers.CustomerController.GetAsync (CustomerProduct.Api)'
2025-03-19 15:50:38.982 +01:00 [INF] Route matched with {action = "Get", controller = "Customer"}. Executing controller action with signature System.Threading.Tasks.Task`1[Microsoft.AspNetCore.Mvc.ActionResult`1[System.Collections.Generic.List`1[CustomerProduct.Application.Features.Customers.CustomerListVm]]] GetAsync() on controller CustomerProduct.Api.Controllers.CustomerController (CustomerProduct.Api).
2025-03-19 15:50:38.986 +01:00 [INF] Handling request: GetCustomerListQuery with data: {"$type":"GetCustomerListQuery"}
2025-03-19 15:50:39.084 +01:00 [INF] Executed DbCommand (11ms) [Parameters=[], CommandType='"Text"', CommandTimeout='30']
SELECT [c].[Id], [c].[CustomerId], [c].[DocNum], [c].[DocType], [c].[Email], [c].[FamilyName], [c].[GivenName], [c].[Phone]
FROM [Customers] AS [c]
2025-03-19 15:50:39.092 +01:00 [INF] Handled request: GetCustomerListQuery - Execution Time: 98ms - Response: [{"CustomerId":1144,"GivenName":"Diao","FamilyName":"Dia","$type":"CustomerListVm"}]
2025-03-19 15:50:39.101 +01:00 [INF] Executing OkObjectResult, writing value of type 'System.Collections.Generic.List`1[[CustomerProduct.Application.Features.Customers.CustomerListVm, CustomerProduct.Application, Version=1.0.0.0, Culture=neutral, PublicKeyToken=null]]'.
2025-03-19 15:50:39.103 +01:00 [INF] Executed action CustomerProduct.Api.Controllers.CustomerController.GetAsync (CustomerProduct.Api) in 118.7752ms
2025-03-19 15:50:39.106 +01:00 [INF] Executed endpoint 'CustomerProduct.Api.Controllers.CustomerController.GetAsync (CustomerProduct.Api)'
2025-03-19 15:50:39.107 +01:00 [INF] HTTP GET /api/customer/all responded 200 in 131.2651 ms
2025-03-19 15:50:39.109 +01:00 [INF] Request finished HTTP/2 GET https://localhost:7157/api/customer/all - 200 null application/json; charset=utf-8 151.6547ms
2025-03-19 15:50:39.378 +01:00 [INF] Request starting HTTP/2 GET https://localhost:7157/api/customer/all - null null
2025-03-19 15:50:39.382 +01:00 [INF] Executing endpoint 'CustomerProduct.Api.Controllers.CustomerController.GetAsync (CustomerProduct.Api)'
2025-03-19 15:50:39.385 +01:00 [INF] Route matched with {action = "Get", controller = "Customer"}. Executing controller action with signature System.Threading.Tasks.Task`1[Microsoft.AspNetCore.Mvc.ActionResult`1[System.Collections.Generic.List`1[CustomerProduct.Application.Features.Customers.CustomerListVm]]] GetAsync() on controller CustomerProduct.Api.Controllers.CustomerController (CustomerProduct.Api).
2025-03-19 15:50:39.389 +01:00 [INF] Handling request: GetCustomerListQuery with data: {"$type":"GetCustomerListQuery"}
2025-03-19 15:50:39.407 +01:00 [INF] Executed DbCommand (2ms) [Parameters=[], CommandType='"Text"', CommandTimeout='30']
SELECT [c].[Id], [c].[CustomerId], [c].[DocNum], [c].[DocType], [c].[Email], [c].[FamilyName], [c].[GivenName], [c].[Phone]
FROM [Customers] AS [c]
2025-03-19 15:50:39.410 +01:00 [INF] Handled request: GetCustomerListQuery - Execution Time: 17ms - Response: [{"CustomerId":1144,"GivenName":"Diao","FamilyName":"Dia","$type":"CustomerListVm"}]
2025-03-19 15:50:39.417 +01:00 [INF] Executing OkObjectResult, writing value of type 'System.Collections.Generic.List`1[[CustomerProduct.Application.Features.Customers.CustomerListVm, CustomerProduct.Application, Version=1.0.0.0, Culture=neutral, PublicKeyToken=null]]'.
2025-03-19 15:50:39.418 +01:00 [INF] Executed action CustomerProduct.Api.Controllers.CustomerController.GetAsync (CustomerProduct.Api) in 29.2752ms
2025-03-19 15:50:39.419 +01:00 [INF] Executed endpoint 'CustomerProduct.Api.Controllers.CustomerController.GetAsync (CustomerProduct.Api)'
2025-03-19 15:50:39.420 +01:00 [INF] HTTP GET /api/customer/all responded 200 in 38.2094 ms
2025-03-19 15:50:39.422 +01:00 [INF] Request finished HTTP/2 GET https://localhost:7157/api/customer/all - 200 null application/json; charset=utf-8 43.7452ms
